SF:lib\zebra_datawedge.dart
DA:7,1
DA:8,0
DA:12,3
DA:14,1
DA:15,3
DA:18,1
DA:19,2
DA:22,1
DA:23,2
DA:26,1
DA:27,2
DA:30,1
DA:31,2
DA:34,1
DA:35,1
DA:42,1
DA:43,1
DA:50,1
DA:51,2
DA:54,1
DA:55,2
DA:58,1
DA:59,2
DA:62,1
DA:63,2
DA:66,1
DA:67,2
DA:70,1
DA:71,2
DA:74,1
DA:75,2
DA:78,1
DA:79,2
DA:82,1
DA:87,1
DA:90,1
DA:95,1
DA:101,1
DA:103,1
DA:104,1
DA:109,1
DA:115,1
DA:117,1
DA:118,1
DA:123,1
DA:128,1
DA:136,1
DA:140,1
DA:147,1
DA:152,1
DA:154,1
DA:155,2
DA:160,1
DA:165,1
DA:172,1
DA:182,1
DA:185,1
DA:189,1
DA:190,1
DA:191,1
DA:194,1
DA:197,1
DA:201,1
DA:202,1
DA:205,1
DA:206,1
DA:213,1
DA:214,1
DA:217,1
DA:218,1
DA:222,1
DA:223,1
DA:228,1
DA:230,1
DA:232,1
DA:237,1
DA:241,1
DA:252,1
DA:256,1
DA:257,0
DA:258,1
DA:260,1
DA:261,1
DA:262,3
DA:265,1
DA:266,1
DA:267,2
DA:270,1
DA:271,1
DA:274,1
DA:278,1
DA:281,1
DA:284,1
DA:287,1
DA:288,1
DA:292,1
DA:295,1
DA:300,1
DA:305,1
DA:308,1
DA:313,1
DA:317,1
DA:325,1
DA:330,1
DA:332,1
DA:338,1
DA:343,1
DA:345,1
DA:351,1
DA:356,1
DA:358,1
DA:364,1
DA:368,1
DA:375,1
DA:380,1
DA:382,1
DA:388,1
DA:392,1
DA:399,1
DA:404,1
DA:412,1
DA:416,1
DA:423,1
DA:427,1
DA:434,1
DA:438,1
DA:445,1
DA:449,1
DA:456,1
DA:463,1
DA:464,1
DA:472,1
DA:473,1
DA:483,1
DA:488,1
DA:496,1
DA:502,1
DA:503,1
DA:513,1
DA:518,1
DA:526,1
DA:530,1
DA:537,1
DA:541,1
DA:548,1
DA:553,1
DA:555,1
DA:556,1
DA:561,1
DA:566,1
DA:569,1
DA:574,1
DA:580,1
DA:581,1
DA:583,1
DA:584,1
DA:585,1
DA:593,1
DA:600,1
DA:601,1
DA:602,1
DA:603,1
DA:604,1
DA:607,1
DA:613,1
DA:621,2
DA:622,1
DA:626,1
DA:631,1
DA:633,1
DA:636,1
DA:642,1
DA:647,1
DA:649,1
DA:652,1
DA:658,1
DA:663,1
DA:665,1
DA:671,1
DA:676,1
DA:678,1
DA:684,1
DA:690,2
DA:698,1
DA:704,2
DA:712,1
DA:721,2
DA:732,1
DA:737,1
LF:189
LH:187
end_of_record
SF:lib\zebra_datawedge_method_channel.dart
DA:15,1
DA:17,1
DA:18,1
DA:19,2
DA:20,1
DA:21,1
DA:23,2
DA:27,1
DA:30,2
DA:34,1
DA:36,2
DA:38,1
DA:42,1
DA:44,2
DA:46,1
DA:50,1
DA:52,2
DA:55,1
DA:57,2
DA:60,1
DA:62,2
DA:65,1
DA:67,2
DA:69,1
DA:73,1
DA:75,2
DA:77,1
DA:81,1
DA:83,2
DA:86,1
DA:88,2
DA:91,1
DA:93,2
DA:96,1
DA:98,2
DA:101,1
DA:108,2
DA:110,1
DA:119,1
DA:126,2
DA:128,1
DA:137,1
DA:147,2
DA:149,1
LF:44
LH:44
end_of_record
SF:lib\zebra_datawedge_platform_interface.dart
DA:6,9
DA:8,9
DA:10,3
DA:12,2
DA:14,1
DA:15,2
DA:19,1
DA:20,1
DA:23,1
DA:24,1
DA:27,1
DA:28,1
DA:31,1
DA:32,1
DA:35,1
DA:36,1
DA:39,1
DA:40,1
DA:43,1
DA:44,1
DA:47,1
DA:48,1
DA:51,1
DA:52,1
DA:55,1
DA:56,1
DA:59,1
DA:60,1
DA:63,1
DA:64,1
DA:67,1
DA:68,1
DA:71,1
DA:77,1
DA:80,1
DA:86,1
DA:89,1
DA:98,1
LF:38
LH:38
end_of_record
SF:lib\src\models\datawedge_models.dart
DA:2,0
DA:128,0
DA:136,0
DA:144,0
DA:151,0
DA:160,0
DA:179,0
DA:188,0
DA:197,0
DA:205,0
DA:213,0
DA:220,0
DA:236,0
DA:243,0
DA:250,0
DA:274,0
DA:283,2
DA:288,2
DA:290,2
DA:291,2
DA:292,2
DA:293,2
DA:299,6
DA:301,3
DA:303,3
DA:305,6
DA:307,3
DA:309,3
DA:311,3
DA:313,3
DA:315,1
DA:316,4
DA:318,3
DA:322,3
DA:330,2
DA:331,2
DA:332,2
DA:333,2
DA:339,2
DA:353,2
DA:354,2
DA:355,2
DA:356,4
DA:359,2
DA:360,2
DA:362,2
DA:363,4
DA:365,4
DA:372,2
DA:380,2
DA:381,2
DA:382,2
DA:384,2
DA:385,2
DA:392,1
DA:400,1
DA:401,1
DA:402,1
DA:403,1
DA:409,1
DA:419,1
DA:420,1
DA:421,1
DA:422,1
DA:425,2
DA:426,1
DA:427,3
DA:428,1
DA:429,1
DA:437,4
DA:457,2
DA:458,2
DA:459,2
DA:460,2
DA:463,2
DA:464,6
DA:466,2
DA:467,3
DA:469,4
DA:470,2
DA:471,6
DA:474,2
DA:475,2
DA:477,4
DA:478,2
DA:479,6
DA:482,2
DA:483,2
DA:485,2
DA:486,2
DA:488,2
DA:489,2
DA:497,2
DA:514,2
DA:515,2
DA:519,1
DA:520,1
DA:524,2
DA:525,4
DA:529,2
DA:530,4
DA:534,1
DA:535,1
DA:539,1
DA:540,1
DA:544,2
DA:545,2
DA:546,2
DA:547,2
DA:548,2
DA:549,2
DA:550,2
DA:551,2
DA:553,2
DA:554,2
DA:556,2
DA:557,2
DA:563,2
DA:573,2
DA:574,2
DA:575,2
DA:576,2
DA:579,4
DA:580,2
DA:588,2
DA:596,2
DA:597,2
DA:598,2
DA:601,6
DA:602,4
DA:610,2
DA:618,2
DA:619,2
DA:620,2
DA:622,5
DA:623,1
DA:624,2
DA:630,2
DA:638,2
DA:639,2
DA:640,2
DA:641,2
DA:642,2
DA:649,2
DA:657,2
DA:658,2
DA:659,2
DA:660,2
DA:661,2
DA:668,2
DA:680,2
DA:681,2
DA:683,2
DA:684,3
DA:686,4
DA:687,2
DA:688,6
DA:689,2
DA:690,2
DA:692,4
DA:693,2
DA:694,2
DA:695,1
DA:696,1
DA:699,2
DA:700,2
DA:701,2
DA:709,1
DA:721,1
DA:722,1
DA:723,1
DA:724,1
DA:725,1
DA:726,1
DA:732,2
DA:744,2
DA:745,2
DA:746,2
DA:747,2
DA:748,2
DA:749,2
DA:755,1
DA:765,1
DA:766,1
DA:767,1
DA:768,1
DA:769,1
LF:187
LH:171
end_of_record
